<?xml version="1.0" encoding="UTF-8"?>
<!-- Generated by org.testng.reporters.JUnitXMLReporter -->
<testsuite ignored="3" hostname="SC-201909300102" failures="0" tests="1" name="Default test" time="7.808" errors="0" timestamp="2021-12-07T14:07:56 EST">
  <testcase classname="tests.AddProducts" name="wind14CanclickBlouseProductPage" time="2.735"/>
  <testcase classname="tests.AddProducts" name="wind16CanAddProductToCart" time="0.0">
    <ignored/>
  </testcase> <!-- wind16CanAddProductToCart -->
  <testcase classname="tests.AddProducts" name="wind33NotAbleToAddToWishlishBeforeLogin" time="0.0">
    <ignored/>
  </testcase> <!-- wind33NotAbleToAddToWishlishBeforeLogin -->
  <testcase classname="tests.AddProducts" name="wind16CanAddProductToWishlist" time="0.0">
    <ignored/>
  </testcase> <!-- wind16CanAddProductToWishlist -->
</testsuite> <!-- Default test -->
