<?xml version="1.0" encoding="UTF-8"?>
<testng-results ignored="3" total="4" passed="1" failed="0" skipped="0">
  <reporter-output>
  </reporter-output>
  <suite started-at="2021-12-07T14:07:48 EST" name="Default suite" finished-at="2021-12-07T14:07:56 EST" duration-ms="7808">
    <groups>
    </groups>
    <test started-at="2021-12-07T14:07:48 EST" name="Default test" finished-at="2021-12-07T14:07:56 EST" duration-ms="7808">
      <class name="tests.AddProducts">
        <test-method is-config="true" signature="setup()[pri:0, instance:tests.AddProducts@3514a4c0]" started-at="2021-12-07T14:07:48 EST" name="setup" finished-at="2021-12-07T14:07:53 EST" duration-ms="4424" status="PASS">
          <reporter-output>
          </reporter-output>
        </test-method> <!-- setup -->
        <test-method signature="wind14CanclickBlouseProductPage()[pri:0, instance:tests.AddProducts@3514a4c0]" started-at="2021-12-07T14:07:53 EST" name="wind14CanclickBlouseProductPage" finished-at="2021-12-07T14:07:55 EST" duration-ms="2735" status="PASS">
          <reporter-output>
          </reporter-output>
        </test-method> <!-- wind14CanclickBlouseProductPage -->
        <test-method is-config="true" signature="tearDown(org.testng.ITestResult)[pri:0, instance:tests.AddProducts@3514a4c0]" started-at="2021-12-07T14:07:55 EST" name="tearDown" finished-at="2021-12-07T14:07:56 EST" duration-ms="621" status="PASS">
          <params>
            <param index="0">
              <value>
                <![CDATA[[TestResult name=wind14CanclickBlouseProductPage status=SUCCESS method=AddProducts.wind14CanclickBlouseProductPage()[pri:0, instance:tests.AddProducts@3514a4c0] output={null}]]]>
              </value>
            </param>
          </params>
          <reporter-output>
          </reporter-output>
        </test-method> <!-- tearDown -->
      </class> <!-- tests.AddProducts -->
    </test> <!-- Default test -->
  </suite> <!-- Default suite -->
</testng-results>
