<?xml version="1.0" encoding="UTF-8"?>
<testng-results ignored="1" total="2" passed="1" failed="0" skipped="0">
  <reporter-output>
  </reporter-output>
  <suite started-at="2021-12-07T11:09:12 EST" name="Default suite" finished-at="2021-12-07T11:09:13 EST" duration-ms="1390">
    <groups>
    </groups>
    <test started-at="2021-12-07T11:09:12 EST" name="Default test" finished-at="2021-12-07T11:09:13 EST" duration-ms="1390">
      <class name="APITest.ApiTest">
        <test-method is-config="true" signature="beforeTest()[pri:0, instance:APITest.ApiTest@76c3e77a]" started-at="2021-12-07T11:09:12 EST" name="beforeTest" finished-at="2021-12-07T11:09:12 EST" duration-ms="452" status="PASS">
          <reporter-output>
          </reporter-output>
        </test-method> <!-- beforeTest -->
        <test-method signature="TestListUsers()[pri:0, instance:APITest.ApiTest@76c3e77a]" started-at="2021-12-07T11:09:12 EST" name="TestListUsers" finished-at="2021-12-07T11:09:13 EST" duration-ms="917" status="PASS">
          <reporter-output>
          </reporter-output>
        </test-method> <!-- TestListUsers -->
      </class> <!-- APITest.ApiTest -->
    </test> <!-- Default test -->
  </suite> <!-- Default suite -->
</testng-results>
